2017-12-12 23:07:10 +0000  Initial pipeline context: <IDEDistributionProcessingPipelineContext: 0x7f9bcc1eab60; archive(resolved)='<IDEArchive: 0x7f9bcf6be340>', distributionTask(resolved)='2', distributionMethod(resolved)='<IDEDistributionMethodDirectDistribution: 0x7f9bcda06340>', team(resolved)='<IDEProvisioningBasicTeam 0x7f9be48c6f50: teamID: XQ284ZEU8W, teamName: Koray Birand>'>
	Chain (10, self inclusive):
	<IDEDistributionProcessingPipelineContext: 0x7f9bcc1eab60; archive = '<IDEArchive: 0x7f9bcf6be340>', distributionMethod='<IDEDistributionMethodDirectDistribution: 0x7f9bcda06340>', team='<IDEProvisioningBasicTeam 0x7f9be48c6f50: teamID: XQ284ZEU8W, teamName: Koray Birand>'>
	<IDEDistributionProcessingPipelineContext: 0x7f9bcd80d4f0; archive = '<IDEArchive: 0x7f9bcf6be340>', distributionMethod='<IDEDistributionMethodDirectDistribution: 0x7f9bcda06340>', team='<IDEProvisioningBasicTeam 0x7f9be48c6f50: teamID: XQ284ZEU8W, teamName: Koray Birand>'>
	<IDEDistributionContext: 0x7f9bcdb9f380; archive = '<IDEArchive: 0x7f9bcf6be340>', distributionMethod='<IDEDistributionMethodDirectDistribution: 0x7f9bcda06340>', team='<IDEProvisioningBasicTeam 0x7f9be48c6f50: teamID: XQ284ZEU8W, teamName: Koray Birand>'>
	<IDEDistributionContext: 0x7f9bcdade490; archive = '<IDEArchive: 0x7f9bcf6be340>', distributionMethod='<IDEDistributionMethodDirectDistribution: 0x7f9bcda06340>', team='<IDEProvisioningBasicTeam 0x7f9be48c6f50: teamID: XQ284ZEU8W, teamName: Koray Birand>'>
	<IDEDistributionContext: 0x7f9bccefb1b0; archive = '<IDEArchive: 0x7f9bcf6be340>', distributionMethod='<IDEDistributionMethodDirectDistribution: 0x7f9bcda06340>', team='<IDEProvisioningBasicTeam 0x7f9be48c6f50: teamID: XQ284ZEU8W, teamName: Koray Birand>'>
	<IDEDistributionContext: 0x7f9bcecb1e10; archive = '<IDEArchive: 0x7f9bcf6be340>', distributionMethod='<IDEDistributionMethodDirectDistribution: 0x7f9bcda06340>', team='<IDEProvisioningBasicTeam 0x7f9be48c6f50: teamID: XQ284ZEU8W, teamName: Koray Birand>'>
	<IDEDistributionContext: 0x7f9be266bf60; archive = '<IDEArchive: 0x7f9bcf6be340>', distributionMethod='<IDEDistributionMethodDirectDistribution: 0x7f9bcda06340>', team='<IDEProvisioningBasicTeam 0x7f9be48c6f50: teamID: XQ284ZEU8W, teamName: Koray Birand>'>
	<IDEDistributionContext: 0x7f9be944baa0; archive = '<IDEArchive: 0x7f9bcf6be340>', distributionMethod='<IDEDistributionMethodDirectDistribution: 0x7f9bcda06340>', team='<IDEProvisioningBasicTeam 0x7f9be48c6f50: teamID: XQ284ZEU8W, teamName: Koray Birand>'>
	<IDEDistributionContext: 0x7f9bcdabe640; archive = '<IDEArchive: 0x7f9bcf6be340>', distributionMethod='<IDEDistributionMethodDirectDistribution: 0x7f9bcda06340>', team='(null)'>
	<IDEDistributionContext: 0x7f9bcdb3bd80; archive = '<IDEArchive: 0x7f9bcf6be340>', distributionMethod='(null)', team='(null)'>
</IDEDistributionProcessingPipelineContext: 0x7f9bcc1eab60>
2017-12-12 23:07:10 +0000  Processing step: IDEDistributionCreateDestRootStep
2017-12-12 23:07:10 +0000  Processing step: IDEDistributionCopyItemStep
2017-12-12 23:07:10 +0000  Running /usr/bin/ditto '-V' '/Users/koraybirand/Library/Developer/Xcode/Archives/2017-12-13/FileSorter 12-13-17, 2.06 AM.xcarchive/Products/Applications/FileSorter.app' '/var/folders/bn/zk0bz63n5td7qfyb7x6h1bq80000gn/T/XcodeDistPipeline.CMF/Root/Applications/FileSorter.app'
2017-12-12 23:07:10 +0000  >>> Copying /Users/koraybirand/Library/Developer/Xcode/Archives/2017-12-13/FileSorter 12-13-17, 2.06 AM.xcarchive/Products/Applications/FileSorter.app 
2017-12-12 23:07:10 +0000  copying file ./Contents/_CodeSignature/CodeResources ... 
2017-12-12 23:07:10 +0000  9926 bytes for ./Contents/_CodeSignature/CodeResources
2017-12-12 23:07:10 +0000  copying file ./Contents/Frameworks/libswiftAppKit.dylib ... 
2017-12-12 23:07:10 +0000  138592 bytes for ./Contents/Frameworks/libswiftAppKit.dylib
copying file ./Contents/Frameworks/libswiftCore.dylib ... 
2017-12-12 23:07:10 +0000  7183648 bytes for ./Contents/Frameworks/libswiftCore.dylib
copying file ./Contents/Frameworks/libswiftCoreData.dylib ... 
2017-12-12 23:07:10 +0000  99520 bytes for ./Contents/Frameworks/libswiftCoreData.dylib
copying file ./Contents/Frameworks/libswiftCoreFoundation.dylib ... 
31792 bytes for ./Contents/Frameworks/libswiftCoreFoundation.dylib
copying file ./Contents/Frameworks/libswiftCoreGraphics.dylib ... 
165232 bytes for ./Contents/Frameworks/libswiftCoreGraphics.dylib
copying file ./Contents/Frameworks/libswiftCoreImage.dylib ... 
40288 bytes for ./Contents/Frameworks/libswiftCoreImage.dylib
copying file ./Contents/Frameworks/libswiftDarwin.dylib ... 
2017-12-12 23:07:10 +0000  75728 bytes for ./Contents/Frameworks/libswiftDarwin.dylib
copying file ./Contents/Frameworks/libswiftDispatch.dylib ... 
2017-12-12 23:07:10 +0000  308400 bytes for ./Contents/Frameworks/libswiftDispatch.dylib
copying file ./Contents/Frameworks/libswiftFoundation.dylib ... 
2017-12-12 23:07:10 +0000  2807424 bytes for ./Contents/Frameworks/libswiftFoundation.dylib
copying file ./Contents/Frameworks/libswiftIOKit.dylib ... 
2017-12-12 23:07:10 +0000  36000 bytes for ./Contents/Frameworks/libswiftIOKit.dylib
copying file ./Contents/Frameworks/libswiftMetal.dylib ... 
68464 bytes for ./Contents/Frameworks/libswiftMetal.dylib
copying file ./Contents/Frameworks/libswiftObjectiveC.dylib ... 
61952 bytes for ./Contents/Frameworks/libswiftObjectiveC.dylib
copying file ./Contents/Frameworks/libswiftos.dylib ... 
48064 bytes for ./Contents/Frameworks/libswiftos.dylib
copying file ./Contents/Frameworks/libswiftQuartzCore.dylib ... 
2017-12-12 23:07:10 +0000  52736 bytes for ./Contents/Frameworks/libswiftQuartzCore.dylib
copying file ./Contents/Frameworks/libswiftXPC.dylib ... 
2017-12-12 23:07:10 +0000  36096 bytes for ./Contents/Frameworks/libswiftXPC.dylib
2017-12-12 23:07:10 +0000  copying file ./Contents/Info.plist ... 
2017-12-12 23:07:10 +0000  1603 bytes for ./Contents/Info.plist
2017-12-12 23:07:10 +0000  copying file ./Contents/MacOS/FileSorter ... 
2017-12-12 23:07:10 +0000  58864 bytes for ./Contents/MacOS/FileSorter
2017-12-12 23:07:10 +0000  copying file ./Contents/PkgInfo ... 
2017-12-12 23:07:10 +0000  8 bytes for ./Contents/PkgInfo
2017-12-12 23:07:10 +0000  copying file ./Contents/Resources/AppIcon.icns ... 
2017-12-12 23:07:10 +0000  201798 bytes for ./Contents/Resources/AppIcon.icns
2017-12-12 23:07:10 +0000  copying file ./Contents/Resources/archived-expanded-entitlements.xcent ... 
2017-12-12 23:07:10 +0000  311 bytes for ./Contents/Resources/archived-expanded-entitlements.xcent
2017-12-12 23:07:10 +0000  copying file ./Contents/Resources/Base.lproj/Main.storyboardc/Info.plist ... 
2017-12-12 23:07:10 +0000  445 bytes for ./Contents/Resources/Base.lproj/Main.storyboardc/Info.plist
copying file ./Contents/Resources/Base.lproj/Main.storyboardc/MainMenu.nib ... 
2017-12-12 23:07:10 +0000  36298 bytes for ./Contents/Resources/Base.lproj/Main.storyboardc/MainMenu.nib
2017-12-12 23:07:10 +0000  copying file ./Contents/Resources/Base.lproj/Main.storyboardc/NSWindowController-B8D-0N-5wS.nib ... 
2017-12-12 23:07:10 +0000  3745 bytes for ./Contents/Resources/Base.lproj/Main.storyboardc/NSWindowController-B8D-0N-5wS.nib
copying file ./Contents/Resources/Base.lproj/Main.storyboardc/XfG-lQ-9wD-view-m2S-Jp-Qdl.nib ... 
2017-12-12 23:07:10 +0000  5507 bytes for ./Contents/Resources/Base.lproj/Main.storyboardc/XfG-lQ-9wD-view-m2S-Jp-Qdl.nib
2017-12-12 23:07:10 +0000  /usr/bin/ditto exited with 0
2017-12-12 23:07:10 +0000  Processing step: IDEDistributionEmbedProfileStep
2017-12-12 23:07:10 +0000  Skipping profile for item: <IDEDistributionItem: 0x7f9bcdf73e80 'com.apple.dt.runtime.swiftAppKit' '<DVTFilePath:0x7f9be4ae7e30:'/Users/koraybirand/Library/Developer/Xcode/Archives/2017-12-13/FileSorter 12-13-17, 2.06 AM.xcarchive/Products/Applications/FileSorter.app/Contents/Frameworks/libswiftAppKit.dylib'>'>
2017-12-12 23:07:10 +0000  Skipping profile for item: <IDEDistributionItem: 0x7f9bcda86080 'com.apple.dt.runtime.swiftCore' '<DVTFilePath:0x7f9bccc80e60:'/Users/koraybirand/Library/Developer/Xcode/Archives/2017-12-13/FileSorter 12-13-17, 2.06 AM.xcarchive/Products/Applications/FileSorter.app/Contents/Frameworks/libswiftCore.dylib'>'>
2017-12-12 23:07:10 +0000  Skipping profile for item: <IDEDistributionItem: 0x7f9bde8641a0 'com.apple.dt.runtime.swiftCoreData' '<DVTFilePath:0x7f9bcdeaab10:'/Users/koraybirand/Library/Developer/Xcode/Archives/2017-12-13/FileSorter 12-13-17, 2.06 AM.xcarchive/Products/Applications/FileSorter.app/Contents/Frameworks/libswiftCoreData.dylib'>'>
2017-12-12 23:07:10 +0000  Skipping profile for item: <IDEDistributionItem: 0x7f9be4bf1dc0 'com.apple.dt.runtime.swiftCoreFoundation' '<DVTFilePath:0x7f9bccc0bfc0:'/Users/koraybirand/Library/Developer/Xcode/Archives/2017-12-13/FileSorter 12-13-17, 2.06 AM.xcarchive/Products/Applications/FileSorter.app/Contents/Frameworks/libswiftCoreFoundation.dylib'>'>
2017-12-12 23:07:10 +0000  Skipping profile for item: <IDEDistributionItem: 0x7f9bdc5f51d0 'com.apple.dt.runtime.swiftCoreGraphics' '<DVTFilePath:0x7f9bcd92ff30:'/Users/koraybirand/Library/Developer/Xcode/Archives/2017-12-13/FileSorter 12-13-17, 2.06 AM.xcarchive/Products/Applications/FileSorter.app/Contents/Frameworks/libswiftCoreGraphics.dylib'>'>
2017-12-12 23:07:10 +0000  Skipping profile for item: <IDEDistributionItem: 0x7f9bcf06ba40 'com.apple.dt.runtime.swiftCoreImage' '<DVTFilePath:0x7f9be91db2f0:'/Users/koraybirand/Library/Developer/Xcode/Archives/2017-12-13/FileSorter 12-13-17, 2.06 AM.xcarchive/Products/Applications/FileSorter.app/Contents/Frameworks/libswiftCoreImage.dylib'>'>
2017-12-12 23:07:10 +0000  Skipping profile for item: <IDEDistributionItem: 0x7f9bccf1ace0 'com.apple.dt.runtime.swiftDarwin' '<DVTFilePath:0x7f9bcdd40800:'/Users/koraybirand/Library/Developer/Xcode/Archives/2017-12-13/FileSorter 12-13-17, 2.06 AM.xcarchive/Products/Applications/FileSorter.app/Contents/Frameworks/libswiftDarwin.dylib'>'>
2017-12-12 23:07:10 +0000  Skipping profile for item: <IDEDistributionItem: 0x7f9bcec0c0d0 'com.apple.dt.runtime.swiftDispatch' '<DVTFilePath:0x7f9bccc6fd80:'/Users/koraybirand/Library/Developer/Xcode/Archives/2017-12-13/FileSorter 12-13-17, 2.06 AM.xcarchive/Products/Applications/FileSorter.app/Contents/Frameworks/libswiftDispatch.dylib'>'>
2017-12-12 23:07:10 +0000  Skipping profile for item: <IDEDistributionItem: 0x7f9bea8dd4b0 'com.apple.dt.runtime.swiftFoundation' '<DVTFilePath:0x7f9bcdd47ac0:'/Users/koraybirand/Library/Developer/Xcode/Archives/2017-12-13/FileSorter 12-13-17, 2.06 AM.xcarchive/Products/Applications/FileSorter.app/Contents/Frameworks/libswiftFoundation.dylib'>'>
2017-12-12 23:07:10 +0000  Skipping profile for item: <IDEDistributionItem: 0x7f9bcda7b3b0 'com.apple.dt.runtime.swiftIOKit' '<DVTFilePath:0x7f9bcdc1e430:'/Users/koraybirand/Library/Developer/Xcode/Archives/2017-12-13/FileSorter 12-13-17, 2.06 AM.xcarchive/Products/Applications/FileSorter.app/Contents/Frameworks/libswiftIOKit.dylib'>'>
2017-12-12 23:07:10 +0000  Skipping profile for item: <IDEDistributionItem: 0x7f9bea86a9a0 'com.apple.dt.runtime.swiftMetal' '<DVTFilePath:0x7f9bcdd83370:'/Users/koraybirand/Library/Developer/Xcode/Archives/2017-12-13/FileSorter 12-13-17, 2.06 AM.xcarchive/Products/Applications/FileSorter.app/Contents/Frameworks/libswiftMetal.dylib'>'>
2017-12-12 23:07:10 +0000  Skipping profile for item: <IDEDistributionItem: 0x7f9bcda7de40 'com.apple.dt.runtime.swiftObjectiveC' '<DVTFilePath:0x7f9bcd90f2e0:'/Users/koraybirand/Library/Developer/Xcode/Archives/2017-12-13/FileSorter 12-13-17, 2.06 AM.xcarchive/Products/Applications/FileSorter.app/Contents/Frameworks/libswiftObjectiveC.dylib'>'>
2017-12-12 23:07:10 +0000  Skipping profile for item: <IDEDistributionItem: 0x7f9bcf389af0 'com.apple.dt.runtime.swiftQuartzCore' '<DVTFilePath:0x7f9bcdab03e0:'/Users/koraybirand/Library/Developer/Xcode/Archives/2017-12-13/FileSorter 12-13-17, 2.06 AM.xcarchive/Products/Applications/FileSorter.app/Contents/Frameworks/libswiftQuartzCore.dylib'>'>
2017-12-12 23:07:10 +0000  Skipping profile for item: <IDEDistributionItem: 0x7f9bcc74d270 'com.apple.dt.runtime.swiftXPC' '<DVTFilePath:0x7f9bdc0a2700:'/Users/koraybirand/Library/Developer/Xcode/Archives/2017-12-13/FileSorter 12-13-17, 2.06 AM.xcarchive/Products/Applications/FileSorter.app/Contents/Frameworks/libswiftXPC.dylib'>'>
2017-12-12 23:07:10 +0000  Skipping profile for item: <IDEDistributionItem: 0x7f9bceb92590 'com.apple.dt.runtime.swiftos' '<DVTFilePath:0x7f9bcdd0cf80:'/Users/koraybirand/Library/Developer/Xcode/Archives/2017-12-13/FileSorter 12-13-17, 2.06 AM.xcarchive/Products/Applications/FileSorter.app/Contents/Frameworks/libswiftos.dylib'>'>
2017-12-12 23:07:10 +0000  Skipping profile for item: <IDEDistributionItem: 0x7f9bcf6b1350 'com.koraybirand.FileSorter' '<DVTFilePath:0x7f9bcdf81c60:'/Users/koraybirand/Library/Developer/Xcode/Archives/2017-12-13/FileSorter 12-13-17, 2.06 AM.xcarchive/Products/Applications/FileSorter.app'>'>
2017-12-12 23:07:10 +0000  Processing step: IDEDistributionAppThinningPlistStep
2017-12-12 23:07:10 +0000  Processing step: IDEDistributionCompileBitcodeStep
2017-12-12 23:07:10 +0000  Skipping step: IDEDistributionCompileBitcodeStep because it said so
2017-12-12 23:07:10 +0000  Processing step: IDEDistributionCodeSlimmingStep
2017-12-12 23:07:10 +0000  Processing step: IDEDistributionCopyBCSymbolMapsStep
2017-12-12 23:07:10 +0000  Skipping step: IDEDistributionCopyBCSymbolMapsStep because it said so
2017-12-12 23:07:10 +0000  Skipping step: IDEDistributionCopyBCSymbolMapsStep because it said so
2017-12-12 23:07:10 +0000  Skipping step: IDEDistributionCopyBCSymbolMapsStep because it said so
2017-12-12 23:07:10 +0000  Skipping step: IDEDistributionCopyBCSymbolMapsStep because it said so
2017-12-12 23:07:10 +0000  Skipping step: IDEDistributionCopyBCSymbolMapsStep because it said so
2017-12-12 23:07:10 +0000  Skipping step: IDEDistributionCopyBCSymbolMapsStep because it said so
2017-12-12 23:07:10 +0000  Skipping step: IDEDistributionCopyBCSymbolMapsStep because it said so
2017-12-12 23:07:10 +0000  Skipping step: IDEDistributionCopyBCSymbolMapsStep because it said so
2017-12-12 23:07:10 +0000  Skipping step: IDEDistributionCopyBCSymbolMapsStep because it said so
2017-12-12 23:07:10 +0000  Skipping step: IDEDistributionCopyBCSymbolMapsStep because it said so
2017-12-12 23:07:10 +0000  Skipping step: IDEDistributionCopyBCSymbolMapsStep because it said so
2017-12-12 23:07:10 +0000  Skipping step: IDEDistributionCopyBCSymbolMapsStep because it said so
2017-12-12 23:07:10 +0000  Skipping step: IDEDistributionCopyBCSymbolMapsStep because it said so
2017-12-12 23:07:10 +0000  Skipping step: IDEDistributionCopyBCSymbolMapsStep because it said so
2017-12-12 23:07:10 +0000  Skipping step: IDEDistributionCopyBCSymbolMapsStep because it said so
2017-12-12 23:07:10 +0000  Skipping step: IDEDistributionCopyBCSymbolMapsStep because it said so
2017-12-12 23:07:10 +0000  Processing step: IDEDistributionSymbolsStep
2017-12-12 23:07:10 +0000  Skipping step: IDEDistributionSymbolsStep because it said so
2017-12-12 23:07:10 +0000  Skipping step: IDEDistributionSymbolsStep because it said so
2017-12-12 23:07:10 +0000  Skipping step: IDEDistributionSymbolsStep because it said so
2017-12-12 23:07:10 +0000  Skipping step: IDEDistributionSymbolsStep because it said so
2017-12-12 23:07:10 +0000  Skipping step: IDEDistributionSymbolsStep because it said so
2017-12-12 23:07:10 +0000  Skipping step: IDEDistributionSymbolsStep because it said so
2017-12-12 23:07:10 +0000  Skipping step: IDEDistributionSymbolsStep because it said so
2017-12-12 23:07:10 +0000  Skipping step: IDEDistributionSymbolsStep because it said so
2017-12-12 23:07:10 +0000  Skipping step: IDEDistributionSymbolsStep because it said so
2017-12-12 23:07:10 +0000  Skipping step: IDEDistributionSymbolsStep because it said so
2017-12-12 23:07:10 +0000  Skipping step: IDEDistributionSymbolsStep because it said so
2017-12-12 23:07:10 +0000  Skipping step: IDEDistributionSymbolsStep because it said so
2017-12-12 23:07:10 +0000  Skipping step: IDEDistributionSymbolsStep because it said so
2017-12-12 23:07:10 +0000  Skipping step: IDEDistributionSymbolsStep because it said so
2017-12-12 23:07:10 +0000  Skipping step: IDEDistributionSymbolsStep because it said so
2017-12-12 23:07:10 +0000  Skipping step: IDEDistributionSymbolsStep because it said so
2017-12-12 23:07:10 +0000  Processing step: IDEDistributionAppThinningStep
2017-12-12 23:07:10 +0000  Skipping step: IDEDistributionAppThinningStep because it said so
2017-12-12 23:07:10 +0000  Processing step: IDEDistributionODRStep
2017-12-12 23:07:10 +0000  Processing step: IDEDistributionStripXattrsStep
2017-12-12 23:07:10 +0000  Skipping stripping extended attributes of item: <IDEDistributionItem: 0x7f9bcdf73e80 'com.apple.dt.runtime.swiftAppKit' '<DVTFilePath:0x7f9be4ae7e30:'/Users/koraybirand/Library/Developer/Xcode/Archives/2017-12-13/FileSorter 12-13-17, 2.06 AM.xcarchive/Products/Applications/FileSorter.app/Contents/Frameworks/libswiftAppKit.dylib'>'>
2017-12-12 23:07:10 +0000  Skipping stripping extended attributes of item: <IDEDistributionItem: 0x7f9bcda86080 'com.apple.dt.runtime.swiftCore' '<DVTFilePath:0x7f9bccc80e60:'/Users/koraybirand/Library/Developer/Xcode/Archives/2017-12-13/FileSorter 12-13-17, 2.06 AM.xcarchive/Products/Applications/FileSorter.app/Contents/Frameworks/libswiftCore.dylib'>'>
2017-12-12 23:07:10 +0000  Skipping stripping extended attributes of item: <IDEDistributionItem: 0x7f9bde8641a0 'com.apple.dt.runtime.swiftCoreData' '<DVTFilePath:0x7f9bcdeaab10:'/Users/koraybirand/Library/Developer/Xcode/Archives/2017-12-13/FileSorter 12-13-17, 2.06 AM.xcarchive/Products/Applications/FileSorter.app/Contents/Frameworks/libswiftCoreData.dylib'>'>
2017-12-12 23:07:10 +0000  Skipping stripping extended attributes of item: <IDEDistributionItem: 0x7f9be4bf1dc0 'com.apple.dt.runtime.swiftCoreFoundation' '<DVTFilePath:0x7f9bccc0bfc0:'/Users/koraybirand/Library/Developer/Xcode/Archives/2017-12-13/FileSorter 12-13-17, 2.06 AM.xcarchive/Products/Applications/FileSorter.app/Contents/Frameworks/libswiftCoreFoundation.dylib'>'>
2017-12-12 23:07:10 +0000  Skipping stripping extended attributes of item: <IDEDistributionItem: 0x7f9bdc5f51d0 'com.apple.dt.runtime.swiftCoreGraphics' '<DVTFilePath:0x7f9bcd92ff30:'/Users/koraybirand/Library/Developer/Xcode/Archives/2017-12-13/FileSorter 12-13-17, 2.06 AM.xcarchive/Products/Applications/FileSorter.app/Contents/Frameworks/libswiftCoreGraphics.dylib'>'>
2017-12-12 23:07:10 +0000  Skipping stripping extended attributes of item: <IDEDistributionItem: 0x7f9bcf06ba40 'com.apple.dt.runtime.swiftCoreImage' '<DVTFilePath:0x7f9be91db2f0:'/Users/koraybirand/Library/Developer/Xcode/Archives/2017-12-13/FileSorter 12-13-17, 2.06 AM.xcarchive/Products/Applications/FileSorter.app/Contents/Frameworks/libswiftCoreImage.dylib'>'>
2017-12-12 23:07:10 +0000  Skipping stripping extended attributes of item: <IDEDistributionItem: 0x7f9bccf1ace0 'com.apple.dt.runtime.swiftDarwin' '<DVTFilePath:0x7f9bcdd40800:'/Users/koraybirand/Library/Developer/Xcode/Archives/2017-12-13/FileSorter 12-13-17, 2.06 AM.xcarchive/Products/Applications/FileSorter.app/Contents/Frameworks/libswiftDarwin.dylib'>'>
2017-12-12 23:07:10 +0000  Skipping stripping extended attributes of item: <IDEDistributionItem: 0x7f9bcec0c0d0 'com.apple.dt.runtime.swiftDispatch' '<DVTFilePath:0x7f9bccc6fd80:'/Users/koraybirand/Library/Developer/Xcode/Archives/2017-12-13/FileSorter 12-13-17, 2.06 AM.xcarchive/Products/Applications/FileSorter.app/Contents/Frameworks/libswiftDispatch.dylib'>'>
2017-12-12 23:07:10 +0000  Skipping stripping extended attributes of item: <IDEDistributionItem: 0x7f9bea8dd4b0 'com.apple.dt.runtime.swiftFoundation' '<DVTFilePath:0x7f9bcdd47ac0:'/Users/koraybirand/Library/Developer/Xcode/Archives/2017-12-13/FileSorter 12-13-17, 2.06 AM.xcarchive/Products/Applications/FileSorter.app/Contents/Frameworks/libswiftFoundation.dylib'>'>
2017-12-12 23:07:10 +0000  Skipping stripping extended attributes of item: <IDEDistributionItem: 0x7f9bcda7b3b0 'com.apple.dt.runtime.swiftIOKit' '<DVTFilePath:0x7f9bcdc1e430:'/Users/koraybirand/Library/Developer/Xcode/Archives/2017-12-13/FileSorter 12-13-17, 2.06 AM.xcarchive/Products/Applications/FileSorter.app/Contents/Frameworks/libswiftIOKit.dylib'>'>
2017-12-12 23:07:10 +0000  Skipping stripping extended attributes of item: <IDEDistributionItem: 0x7f9bea86a9a0 'com.apple.dt.runtime.swiftMetal' '<DVTFilePath:0x7f9bcdd83370:'/Users/koraybirand/Library/Developer/Xcode/Archives/2017-12-13/FileSorter 12-13-17, 2.06 AM.xcarchive/Products/Applications/FileSorter.app/Contents/Frameworks/libswiftMetal.dylib'>'>
2017-12-12 23:07:10 +0000  Skipping stripping extended attributes of item: <IDEDistributionItem: 0x7f9bcda7de40 'com.apple.dt.runtime.swiftObjectiveC' '<DVTFilePath:0x7f9bcd90f2e0:'/Users/koraybirand/Library/Developer/Xcode/Archives/2017-12-13/FileSorter 12-13-17, 2.06 AM.xcarchive/Products/Applications/FileSorter.app/Contents/Frameworks/libswiftObjectiveC.dylib'>'>
2017-12-12 23:07:10 +0000  Skipping stripping extended attributes of item: <IDEDistributionItem: 0x7f9bcf389af0 'com.apple.dt.runtime.swiftQuartzCore' '<DVTFilePath:0x7f9bcdab03e0:'/Users/koraybirand/Library/Developer/Xcode/Archives/2017-12-13/FileSorter 12-13-17, 2.06 AM.xcarchive/Products/Applications/FileSorter.app/Contents/Frameworks/libswiftQuartzCore.dylib'>'>
2017-12-12 23:07:10 +0000  Skipping stripping extended attributes of item: <IDEDistributionItem: 0x7f9bcc74d270 'com.apple.dt.runtime.swiftXPC' '<DVTFilePath:0x7f9bdc0a2700:'/Users/koraybirand/Library/Developer/Xcode/Archives/2017-12-13/FileSorter 12-13-17, 2.06 AM.xcarchive/Products/Applications/FileSorter.app/Contents/Frameworks/libswiftXPC.dylib'>'>
2017-12-12 23:07:10 +0000  Skipping stripping extended attributes of item: <IDEDistributionItem: 0x7f9bceb92590 'com.apple.dt.runtime.swiftos' '<DVTFilePath:0x7f9bcdd0cf80:'/Users/koraybirand/Library/Developer/Xcode/Archives/2017-12-13/FileSorter 12-13-17, 2.06 AM.xcarchive/Products/Applications/FileSorter.app/Contents/Frameworks/libswiftos.dylib'>'>
2017-12-12 23:07:10 +0000  Running /usr/bin/xattr '-crs' '/var/folders/bn/zk0bz63n5td7qfyb7x6h1bq80000gn/T/XcodeDistPipeline.CMF/Root/Applications/FileSorter.app'
2017-12-12 23:07:10 +0000  /usr/bin/xattr exited with 0
2017-12-12 23:07:10 +0000  Processing step: IDEDistributionCodesignStep
2017-12-12 23:07:10 +0000  Applying entitlements delta for <IDEDistributionItem: 0x7f9bcdf73e80 'com.apple.dt.runtime.swiftAppKit' '<DVTFilePath:0x7f9be4ae7e30:'/Users/koraybirand/Library/Developer/Xcode/Archives/2017-12-13/FileSorter 12-13-17, 2.06 AM.xcarchive/Products/Applications/FileSorter.app/Contents/Frameworks/libswiftAppKit.dylib'>'> from <IDEiCloudEntitlementsProcessor: 0x7f9bcec23dd0>: {
}
2017-12-12 23:07:10 +0000  Entitlements for <IDEDistributionItem: 0x7f9bcdf73e80 'com.apple.dt.runtime.swiftAppKit' '<DVTFilePath:0x7f9be4ae7e30:'/Users/koraybirand/Library/Developer/Xcode/Archives/2017-12-13/FileSorter 12-13-17, 2.06 AM.xcarchive/Products/Applications/FileSorter.app/Contents/Frameworks/libswiftAppKit.dylib'>'>: {
}
2017-12-12 23:07:10 +0000  Writing entitlements for <IDEDistributionItem: 0x7f9bcdf73e80 'com.apple.dt.runtime.swiftAppKit' '<DVTFilePath:0x7f9be4ae7e30:'/Users/koraybirand/Library/Developer/Xcode/Archives/2017-12-13/FileSorter 12-13-17, 2.06 AM.xcarchive/Products/Applications/FileSorter.app/Contents/Frameworks/libswiftAppKit.dylib'>'> to: /var/folders/bn/zk0bz63n5td7qfyb7x6h1bq80000gn/T/XcodeDistPipeline.CMF/entitlementsekv75V
2017-12-12 23:07:10 +0000  Running /usr/bin/codesign '-vvv' '--force' '--sign' 'AA2C7B0EC8F16EF9578D372210F0CCF2CB2D0B8A' '--preserve-metadata=identifier,flags' '--entitlements' '/var/folders/bn/zk0bz63n5td7qfyb7x6h1bq80000gn/T/XcodeDistPipeline.CMF/entitlementsekv75V' '--requirements' '=designated => anchor apple generic  and identifier "$self.identifier" and ((cert leaf[field.1.2.840.113635.100.6.1.9] exists) or ( certificate 1[field.1.2.840.113635.100.6.2.6] exists and certificate leaf[field.1.2.840.113635.100.6.1.13] exists  and certificate leaf[subject.OU] = "XQ284ZEU8W" ))' '/var/folders/bn/zk0bz63n5td7qfyb7x6h1bq80000gn/T/XcodeDistPipeline.CMF/Root/Applications/FileSorter.app/Contents/Frameworks/libswiftAppKit.dylib'
2017-12-12 23:07:10 +0000  /var/folders/bn/zk0bz63n5td7qfyb7x6h1bq80000gn/T/XcodeDistPipeline.CMF/Root/Applications/FileSorter.app/Contents/Frameworks/libswiftAppKit.dylib: replacing existing signature
2017-12-12 23:07:11 +0000  /var/folders/bn/zk0bz63n5td7qfyb7x6h1bq80000gn/T/XcodeDistPipeline.CMF/Root/Applications/FileSorter.app/Contents/Frameworks/libswiftAppKit.dylib: signed Mach-O thin (x86_64) [com.apple.dt.runtime.swiftAppKit]
2017-12-12 23:07:11 +0000  /usr/bin/codesign exited with 0
2017-12-12 23:07:11 +0000  Applying entitlements delta for <IDEDistributionItem: 0x7f9bcda86080 'com.apple.dt.runtime.swiftCore' '<DVTFilePath:0x7f9bccc80e60:'/Users/koraybirand/Library/Developer/Xcode/Archives/2017-12-13/FileSorter 12-13-17, 2.06 AM.xcarchive/Products/Applications/FileSorter.app/Contents/Frameworks/libswiftCore.dylib'>'> from <IDEiCloudEntitlementsProcessor: 0x7f9be266dba0>: {
}
2017-12-12 23:07:11 +0000  Entitlements for <IDEDistributionItem: 0x7f9bcda86080 'com.apple.dt.runtime.swiftCore' '<DVTFilePath:0x7f9bccc80e60:'/Users/koraybirand/Library/Developer/Xcode/Archives/2017-12-13/FileSorter 12-13-17, 2.06 AM.xcarchive/Products/Applications/FileSorter.app/Contents/Frameworks/libswiftCore.dylib'>'>: {
}
2017-12-12 23:07:11 +0000  Writing entitlements for <IDEDistributionItem: 0x7f9bcda86080 'com.apple.dt.runtime.swiftCore' '<DVTFilePath:0x7f9bccc80e60:'/Users/koraybirand/Library/Developer/Xcode/Archives/2017-12-13/FileSorter 12-13-17, 2.06 AM.xcarchive/Products/Applications/FileSorter.app/Contents/Frameworks/libswiftCore.dylib'>'> to: /var/folders/bn/zk0bz63n5td7qfyb7x6h1bq80000gn/T/XcodeDistPipeline.CMF/entitlementsISQebk
2017-12-12 23:07:11 +0000  Running /usr/bin/codesign '-vvv' '--force' '--sign' 'AA2C7B0EC8F16EF9578D372210F0CCF2CB2D0B8A' '--preserve-metadata=identifier,flags' '--entitlements' '/var/folders/bn/zk0bz63n5td7qfyb7x6h1bq80000gn/T/XcodeDistPipeline.CMF/entitlementsISQebk' '--requirements' '=designated => anchor apple generic  and identifier "$self.identifier" and ((cert leaf[field.1.2.840.113635.100.6.1.9] exists) or ( certificate 1[field.1.2.840.113635.100.6.2.6] exists and certificate leaf[field.1.2.840.113635.100.6.1.13] exists  and certificate leaf[subject.OU] = "XQ284ZEU8W" ))' '/var/folders/bn/zk0bz63n5td7qfyb7x6h1bq80000gn/T/XcodeDistPipeline.CMF/Root/Applications/FileSorter.app/Contents/Frameworks/libswiftCore.dylib'
2017-12-12 23:07:11 +0000  /var/folders/bn/zk0bz63n5td7qfyb7x6h1bq80000gn/T/XcodeDistPipeline.CMF/Root/Applications/FileSorter.app/Contents/Frameworks/libswiftCore.dylib: replacing existing signature
2017-12-12 23:07:11 +0000  /var/folders/bn/zk0bz63n5td7qfyb7x6h1bq80000gn/T/XcodeDistPipeline.CMF/Root/Applications/FileSorter.app/Contents/Frameworks/libswiftCore.dylib: signed Mach-O thin (x86_64) [com.apple.dt.runtime.swiftCore]
2017-12-12 23:07:11 +0000  /usr/bin/codesign exited with 0
2017-12-12 23:07:11 +0000  Applying entitlements delta for <IDEDistributionItem: 0x7f9bde8641a0 'com.apple.dt.runtime.swiftCoreData' '<DVTFilePath:0x7f9bcdeaab10:'/Users/koraybirand/Library/Developer/Xcode/Archives/2017-12-13/FileSorter 12-13-17, 2.06 AM.xcarchive/Products/Applications/FileSorter.app/Contents/Frameworks/libswiftCoreData.dylib'>'> from <IDEiCloudEntitlementsProcessor: 0x7f9bccec3360>: {
}
2017-12-12 23:07:11 +0000  Entitlements for <IDEDistributionItem: 0x7f9bde8641a0 'com.apple.dt.runtime.swiftCoreData' '<DVTFilePath:0x7f9bcdeaab10:'/Users/koraybirand/Library/Developer/Xcode/Archives/2017-12-13/FileSorter 12-13-17, 2.06 AM.xcarchive/Products/Applications/FileSorter.app/Contents/Frameworks/libswiftCoreData.dylib'>'>: {
}
2017-12-12 23:07:11 +0000  Writing entitlements for <IDEDistributionItem: 0x7f9bde8641a0 'com.apple.dt.runtime.swiftCoreData' '<DVTFilePath:0x7f9bcdeaab10:'/Users/koraybirand/Library/Developer/Xcode/Archives/2017-12-13/FileSorter 12-13-17, 2.06 AM.xcarchive/Products/Applications/FileSorter.app/Contents/Frameworks/libswiftCoreData.dylib'>'> to: /var/folders/bn/zk0bz63n5td7qfyb7x6h1bq80000gn/T/XcodeDistPipeline.CMF/entitlementsXaLkFo
2017-12-12 23:07:11 +0000  Running /usr/bin/codesign '-vvv' '--force' '--sign' 'AA2C7B0EC8F16EF9578D372210F0CCF2CB2D0B8A' '--preserve-metadata=identifier,flags' '--entitlements' '/var/folders/bn/zk0bz63n5td7qfyb7x6h1bq80000gn/T/XcodeDistPipeline.CMF/entitlementsXaLkFo' '--requirements' '=designated => anchor apple generic  and identifier "$self.identifier" and ((cert leaf[field.1.2.840.113635.100.6.1.9] exists) or ( certificate 1[field.1.2.840.113635.100.6.2.6] exists and certificate leaf[field.1.2.840.113635.100.6.1.13] exists  and certificate leaf[subject.OU] = "XQ284ZEU8W" ))' '/var/folders/bn/zk0bz63n5td7qfyb7x6h1bq80000gn/T/XcodeDistPipeline.CMF/Root/Applications/FileSorter.app/Contents/Frameworks/libswiftCoreData.dylib'
2017-12-12 23:07:11 +0000  /var/folders/bn/zk0bz63n5td7qfyb7x6h1bq80000gn/T/XcodeDistPipeline.CMF/Root/Applications/FileSorter.app/Contents/Frameworks/libswiftCoreData.dylib: replacing existing signature
2017-12-12 23:07:12 +0000  /var/folders/bn/zk0bz63n5td7qfyb7x6h1bq80000gn/T/XcodeDistPipeline.CMF/Root/Applications/FileSorter.app/Contents/Frameworks/libswiftCoreData.dylib: signed Mach-O thin (x86_64) [com.apple.dt.runtime.swiftCoreData]
2017-12-12 23:07:12 +0000  /usr/bin/codesign exited with 0
2017-12-12 23:07:12 +0000  Applying entitlements delta for <IDEDistributionItem: 0x7f9be4bf1dc0 'com.apple.dt.runtime.swiftCoreFoundation' '<DVTFilePath:0x7f9bccc0bfc0:'/Users/koraybirand/Library/Developer/Xcode/Archives/2017-12-13/FileSorter 12-13-17, 2.06 AM.xcarchive/Products/Applications/FileSorter.app/Contents/Frameworks/libswiftCoreFoundation.dylib'>'> from <IDEiCloudEntitlementsProcessor: 0x7f9bcecfaed0>: {
}
2017-12-12 23:07:12 +0000  Entitlements for <IDEDistributionItem: 0x7f9be4bf1dc0 'com.apple.dt.runtime.swiftCoreFoundation' '<DVTFilePath:0x7f9bccc0bfc0:'/Users/koraybirand/Library/Developer/Xcode/Archives/2017-12-13/FileSorter 12-13-17, 2.06 AM.xcarchive/Products/Applications/FileSorter.app/Contents/Frameworks/libswiftCoreFoundation.dylib'>'>: {
}
2017-12-12 23:07:12 +0000  Writing entitlements for <IDEDistributionItem: 0x7f9be4bf1dc0 'com.apple.dt.runtime.swiftCoreFoundation' '<DVTFilePath:0x7f9bccc0bfc0:'/Users/koraybirand/Library/Developer/Xcode/Archives/2017-12-13/FileSorter 12-13-17, 2.06 AM.xcarchive/Products/Applications/FileSorter.app/Contents/Frameworks/libswiftCoreFoundation.dylib'>'> to: /var/folders/bn/zk0bz63n5td7qfyb7x6h1bq80000gn/T/XcodeDistPipeline.CMF/entitlementsv8SGI5
2017-12-12 23:07:12 +0000  Running /usr/bin/codesign '-vvv' '--force' '--sign' 'AA2C7B0EC8F16EF9578D372210F0CCF2CB2D0B8A' '--preserve-metadata=identifier,flags' '--entitlements' '/var/folders/bn/zk0bz63n5td7qfyb7x6h1bq80000gn/T/XcodeDistPipeline.CMF/entitlementsv8SGI5' '--requirements' '=designated => anchor apple generic  and identifier "$self.identifier" and ((cert leaf[field.1.2.840.113635.100.6.1.9] exists) or ( certificate 1[field.1.2.840.113635.100.6.2.6] exists and certificate leaf[field.1.2.840.113635.100.6.1.13] exists  and certificate leaf[subject.OU] = "XQ284ZEU8W" ))' '/var/folders/bn/zk0bz63n5td7qfyb7x6h1bq80000gn/T/XcodeDistPipeline.CMF/Root/Applications/FileSorter.app/Contents/Frameworks/libswiftCoreFoundation.dylib'
2017-12-12 23:07:12 +0000  /var/folders/bn/zk0bz63n5td7qfyb7x6h1bq80000gn/T/XcodeDistPipeline.CMF/Root/Applications/FileSorter.app/Contents/Frameworks/libswiftCoreFoundation.dylib: replacing existing signature
2017-12-12 23:07:12 +0000  /var/folders/bn/zk0bz63n5td7qfyb7x6h1bq80000gn/T/XcodeDistPipeline.CMF/Root/Applications/FileSorter.app/Contents/Frameworks/libswiftCoreFoundation.dylib: signed Mach-O thin (x86_64) [com.apple.dt.runtime.swiftCoreFoundation]
2017-12-12 23:07:12 +0000  /usr/bin/codesign exited with 0
2017-12-12 23:07:12 +0000  Applying entitlements delta for <IDEDistributionItem: 0x7f9bdc5f51d0 'com.apple.dt.runtime.swiftCoreGraphics' '<DVTFilePath:0x7f9bcd92ff30:'/Users/koraybirand/Library/Developer/Xcode/Archives/2017-12-13/FileSorter 12-13-17, 2.06 AM.xcarchive/Products/Applications/FileSorter.app/Contents/Frameworks/libswiftCoreGraphics.dylib'>'> from <IDEiCloudEntitlementsProcessor: 0x7f9bcdfd41f0>: {
}
2017-12-12 23:07:12 +0000  Entitlements for <IDEDistributionItem: 0x7f9bdc5f51d0 'com.apple.dt.runtime.swiftCoreGraphics' '<DVTFilePath:0x7f9bcd92ff30:'/Users/koraybirand/Library/Developer/Xcode/Archives/2017-12-13/FileSorter 12-13-17, 2.06 AM.xcarchive/Products/Applications/FileSorter.app/Contents/Frameworks/libswiftCoreGraphics.dylib'>'>: {
}
2017-12-12 23:07:12 +0000  Writing entitlements for <IDEDistributionItem: 0x7f9bdc5f51d0 'com.apple.dt.runtime.swiftCoreGraphics' '<DVTFilePath:0x7f9bcd92ff30:'/Users/koraybirand/Library/Developer/Xcode/Archives/2017-12-13/FileSorter 12-13-17, 2.06 AM.xcarchive/Products/Applications/FileSorter.app/Contents/Frameworks/libswiftCoreGraphics.dylib'>'> to: /var/folders/bn/zk0bz63n5td7qfyb7x6h1bq80000gn/T/XcodeDistPipeline.CMF/entitlementszBEVIF
2017-12-12 23:07:12 +0000  Running /usr/bin/codesign '-vvv' '--force' '--sign' 'AA2C7B0EC8F16EF9578D372210F0CCF2CB2D0B8A' '--preserve-metadata=identifier,flags' '--entitlements' '/var/folders/bn/zk0bz63n5td7qfyb7x6h1bq80000gn/T/XcodeDistPipeline.CMF/entitlementszBEVIF' '--requirements' '=designated => anchor apple generic  and identifier "$self.identifier" and ((cert leaf[field.1.2.840.113635.100.6.1.9] exists) or ( certificate 1[field.1.2.840.113635.100.6.2.6] exists and certificate leaf[field.1.2.840.113635.100.6.1.13] exists  and certificate leaf[subject.OU] = "XQ284ZEU8W" ))' '/var/folders/bn/zk0bz63n5td7qfyb7x6h1bq80000gn/T/XcodeDistPipeline.CMF/Root/Applications/FileSorter.app/Contents/Frameworks/libswiftCoreGraphics.dylib'
2017-12-12 23:07:12 +0000  /var/folders/bn/zk0bz63n5td7qfyb7x6h1bq80000gn/T/XcodeDistPipeline.CMF/Root/Applications/FileSorter.app/Contents/Frameworks/libswiftCoreGraphics.dylib: replacing existing signature
2017-12-12 23:07:13 +0000  /var/folders/bn/zk0bz63n5td7qfyb7x6h1bq80000gn/T/XcodeDistPipeline.CMF/Root/Applications/FileSorter.app/Contents/Frameworks/libswiftCoreGraphics.dylib: signed Mach-O thin (x86_64) [com.apple.dt.runtime.swiftCoreGraphics]
2017-12-12 23:07:13 +0000  /usr/bin/codesign exited with 0
2017-12-12 23:07:13 +0000  Applying entitlements delta for <IDEDistributionItem: 0x7f9bcf06ba40 'com.apple.dt.runtime.swiftCoreImage' '<DVTFilePath:0x7f9be91db2f0:'/Users/koraybirand/Library/Developer/Xcode/Archives/2017-12-13/FileSorter 12-13-17, 2.06 AM.xcarchive/Products/Applications/FileSorter.app/Contents/Frameworks/libswiftCoreImage.dylib'>'> from <IDEiCloudEntitlementsProcessor: 0x7f9bcdf647d0>: {
}
2017-12-12 23:07:13 +0000  Entitlements for <IDEDistributionItem: 0x7f9bcf06ba40 'com.apple.dt.runtime.swiftCoreImage' '<DVTFilePath:0x7f9be91db2f0:'/Users/koraybirand/Library/Developer/Xcode/Archives/2017-12-13/FileSorter 12-13-17, 2.06 AM.xcarchive/Products/Applications/FileSorter.app/Contents/Frameworks/libswiftCoreImage.dylib'>'>: {
}
2017-12-12 23:07:13 +0000  Writing entitlements for <IDEDistributionItem: 0x7f9bcf06ba40 'com.apple.dt.runtime.swiftCoreImage' '<DVTFilePath:0x7f9be91db2f0:'/Users/koraybirand/Library/Developer/Xcode/Archives/2017-12-13/FileSorter 12-13-17, 2.06 AM.xcarchive/Products/Applications/FileSorter.app/Contents/Frameworks/libswiftCoreImage.dylib'>'> to: /var/folders/bn/zk0bz63n5td7qfyb7x6h1bq80000gn/T/XcodeDistPipeline.CMF/entitlements4spoAb
2017-12-12 23:07:13 +0000  Running /usr/bin/codesign '-vvv' '--force' '--sign' 'AA2C7B0EC8F16EF9578D372210F0CCF2CB2D0B8A' '--preserve-metadata=identifier,flags' '--entitlements' '/var/folders/bn/zk0bz63n5td7qfyb7x6h1bq80000gn/T/XcodeDistPipeline.CMF/entitlements4spoAb' '--requirements' '=designated => anchor apple generic  and identifier "$self.identifier" and ((cert leaf[field.1.2.840.113635.100.6.1.9] exists) or ( certificate 1[field.1.2.840.113635.100.6.2.6] exists and certificate leaf[field.1.2.840.113635.100.6.1.13] exists  and certificate leaf[subject.OU] = "XQ284ZEU8W" ))' '/var/folders/bn/zk0bz63n5td7qfyb7x6h1bq80000gn/T/XcodeDistPipeline.CMF/Root/Applications/FileSorter.app/Contents/Frameworks/libswiftCoreImage.dylib'
2017-12-12 23:07:13 +0000  /var/folders/bn/zk0bz63n5td7qfyb7x6h1bq80000gn/T/XcodeDistPipeline.CMF/Root/Applications/FileSorter.app/Contents/Frameworks/libswiftCoreImage.dylib: replacing existing signature
2017-12-12 23:07:13 +0000  /var/folders/bn/zk0bz63n5td7qfyb7x6h1bq80000gn/T/XcodeDistPipeline.CMF/Root/Applications/FileSorter.app/Contents/Frameworks/libswiftCoreImage.dylib: signed Mach-O thin (x86_64) [com.apple.dt.runtime.swiftCoreImage]
2017-12-12 23:07:13 +0000  /usr/bin/codesign exited with 0
2017-12-12 23:07:13 +0000  Applying entitlements delta for <IDEDistributionItem: 0x7f9bccf1ace0 'com.apple.dt.runtime.swiftDarwin' '<DVTFilePath:0x7f9bcdd40800:'/Users/koraybirand/Library/Developer/Xcode/Archives/2017-12-13/FileSorter 12-13-17, 2.06 AM.xcarchive/Products/Applications/FileSorter.app/Contents/Frameworks/libswiftDarwin.dylib'>'> from <IDEiCloudEntitlementsProcessor: 0x7f9bcf71d600>: {
}
2017-12-12 23:07:13 +0000  Entitlements for <IDEDistributionItem: 0x7f9bccf1ace0 'com.apple.dt.runtime.swiftDarwin' '<DVTFilePath:0x7f9bcdd40800:'/Users/koraybirand/Library/Developer/Xcode/Archives/2017-12-13/FileSorter 12-13-17, 2.06 AM.xcarchive/Products/Applications/FileSorter.app/Contents/Frameworks/libswiftDarwin.dylib'>'>: {
}
2017-12-12 23:07:13 +0000  Writing entitlements for <IDEDistributionItem: 0x7f9bccf1ace0 'com.apple.dt.runtime.swiftDarwin' '<DVTFilePath:0x7f9bcdd40800:'/Users/koraybirand/Library/Developer/Xcode/Archives/2017-12-13/FileSorter 12-13-17, 2.06 AM.xcarchive/Products/Applications/FileSorter.app/Contents/Frameworks/libswiftDarwin.dylib'>'> to: /var/folders/bn/zk0bz63n5td7qfyb7x6h1bq80000gn/T/XcodeDistPipeline.CMF/entitlementsqoB6A5
2017-12-12 23:07:13 +0000  Running /usr/bin/codesign '-vvv' '--force' '--sign' 'AA2C7B0EC8F16EF9578D372210F0CCF2CB2D0B8A' '--preserve-metadata=identifier,flags' '--entitlements' '/var/folders/bn/zk0bz63n5td7qfyb7x6h1bq80000gn/T/XcodeDistPipeline.CMF/entitlementsqoB6A5' '--requirements' '=designated => anchor apple generic  and identifier "$self.identifier" and ((cert leaf[field.1.2.840.113635.100.6.1.9] exists) or ( certificate 1[field.1.2.840.113635.100.6.2.6] exists and certificate leaf[field.1.2.840.113635.100.6.1.13] exists  and certificate leaf[subject.OU] = "XQ284ZEU8W" ))' '/var/folders/bn/zk0bz63n5td7qfyb7x6h1bq80000gn/T/XcodeDistPipeline.CMF/Root/Applications/FileSorter.app/Contents/Frameworks/libswiftDarwin.dylib'
2017-12-12 23:07:14 +0000  /var/folders/bn/zk0bz63n5td7qfyb7x6h1bq80000gn/T/XcodeDistPipeline.CMF/Root/Applications/FileSorter.app/Contents/Frameworks/libswiftDarwin.dylib: replacing existing signature
2017-12-12 23:07:14 +0000  /var/folders/bn/zk0bz63n5td7qfyb7x6h1bq80000gn/T/XcodeDistPipeline.CMF/Root/Applications/FileSorter.app/Contents/Frameworks/libswiftDarwin.dylib: signed Mach-O thin (x86_64) [com.apple.dt.runtime.swiftDarwin]
2017-12-12 23:07:14 +0000  /usr/bin/codesign exited with 0
2017-12-12 23:07:14 +0000  Applying entitlements delta for <IDEDistributionItem: 0x7f9bcec0c0d0 'com.apple.dt.runtime.swiftDispatch' '<DVTFilePath:0x7f9bccc6fd80:'/Users/koraybirand/Library/Developer/Xcode/Archives/2017-12-13/FileSorter 12-13-17, 2.06 AM.xcarchive/Products/Applications/FileSorter.app/Contents/Frameworks/libswiftDispatch.dylib'>'> from <IDEiCloudEntitlementsProcessor: 0x7f9be6651510>: {
}
2017-12-12 23:07:14 +0000  Entitlements for <IDEDistributionItem: 0x7f9bcec0c0d0 'com.apple.dt.runtime.swiftDispatch' '<DVTFilePath:0x7f9bccc6fd80:'/Users/koraybirand/Library/Developer/Xcode/Archives/2017-12-13/FileSorter 12-13-17, 2.06 AM.xcarchive/Products/Applications/FileSorter.app/Contents/Frameworks/libswiftDispatch.dylib'>'>: {
}
2017-12-12 23:07:14 +0000  Writing entitlements for <IDEDistributionItem: 0x7f9bcec0c0d0 'com.apple.dt.runtime.swiftDispatch' '<DVTFilePath:0x7f9bccc6fd80:'/Users/koraybirand/Library/Developer/Xcode/Archives/2017-12-13/FileSorter 12-13-17, 2.06 AM.xcarchive/Products/Applications/FileSorter.app/Contents/Frameworks/libswiftDispatch.dylib'>'> to: /var/folders/bn/zk0bz63n5td7qfyb7x6h1bq80000gn/T/XcodeDistPipeline.CMF/entitlements42BXn5
2017-12-12 23:07:14 +0000  Running /usr/bin/codesign '-vvv' '--force' '--sign' 'AA2C7B0EC8F16EF9578D372210F0CCF2CB2D0B8A' '--preserve-metadata=identifier,flags' '--entitlements' '/var/folders/bn/zk0bz63n5td7qfyb7x6h1bq80000gn/T/XcodeDistPipeline.CMF/entitlements42BXn5' '--requirements' '=designated => anchor apple generic  and identifier "$self.identifier" and ((cert leaf[field.1.2.840.113635.100.6.1.9] exists) or ( certificate 1[field.1.2.840.113635.100.6.2.6] exists and certificate leaf[field.1.2.840.113635.100.6.1.13] exists  and certificate leaf[subject.OU] = "XQ284ZEU8W" ))' '/var/folders/bn/zk0bz63n5td7qfyb7x6h1bq80000gn/T/XcodeDistPipeline.CMF/Root/Applications/FileSorter.app/Contents/Frameworks/libswiftDispatch.dylib'
2017-12-12 23:07:14 +0000  /var/folders/bn/zk0bz63n5td7qfyb7x6h1bq80000gn/T/XcodeDistPipeline.CMF/Root/Applications/FileSorter.app/Contents/Frameworks/libswiftDispatch.dylib: replacing existing signature
2017-12-12 23:07:14 +0000  /var/folders/bn/zk0bz63n5td7qfyb7x6h1bq80000gn/T/XcodeDistPipeline.CMF/Root/Applications/FileSorter.app/Contents/Frameworks/libswiftDispatch.dylib: signed Mach-O thin (x86_64) [com.apple.dt.runtime.swiftDispatch]
2017-12-12 23:07:14 +0000  /usr/bin/codesign exited with 0
2017-12-12 23:07:14 +0000  Applying entitlements delta for <IDEDistributionItem: 0x7f9bea8dd4b0 'com.apple.dt.runtime.swiftFoundation' '<DVTFilePath:0x7f9bcdd47ac0:'/Users/koraybirand/Library/Developer/Xcode/Archives/2017-12-13/FileSorter 12-13-17, 2.06 AM.xcarchive/Products/Applications/FileSorter.app/Contents/Frameworks/libswiftFoundation.dylib'>'> from <IDEiCloudEntitlementsProcessor: 0x7f9be2681f60>: {
}
2017-12-12 23:07:14 +0000  Entitlements for <IDEDistributionItem: 0x7f9bea8dd4b0 'com.apple.dt.runtime.swiftFoundation' '<DVTFilePath:0x7f9bcdd47ac0:'/Users/koraybirand/Library/Developer/Xcode/Archives/2017-12-13/FileSorter 12-13-17, 2.06 AM.xcarchive/Products/Applications/FileSorter.app/Contents/Frameworks/libswiftFoundation.dylib'>'>: {
}
2017-12-12 23:07:14 +0000  Writing entitlements for <IDEDistributionItem: 0x7f9bea8dd4b0 'com.apple.dt.runtime.swiftFoundation' '<DVTFilePath:0x7f9bcdd47ac0:'/Users/koraybirand/Library/Developer/Xcode/Archives/2017-12-13/FileSorter 12-13-17, 2.06 AM.xcarchive/Products/Applications/FileSorter.app/Contents/Frameworks/libswiftFoundation.dylib'>'> to: /var/folders/bn/zk0bz63n5td7qfyb7x6h1bq80000gn/T/XcodeDistPipeline.CMF/entitlementsxhRVI1
2017-12-12 23:07:14 +0000  Running /usr/bin/codesign '-vvv' '--force' '--sign' 'AA2C7B0EC8F16EF9578D372210F0CCF2CB2D0B8A' '--preserve-metadata=identifier,flags' '--entitlements' '/var/folders/bn/zk0bz63n5td7qfyb7x6h1bq80000gn/T/XcodeDistPipeline.CMF/entitlementsxhRVI1' '--requirements' '=designated => anchor apple generic  and identifier "$self.identifier" and ((cert leaf[field.1.2.840.113635.100.6.1.9] exists) or ( certificate 1[field.1.2.840.113635.100.6.2.6] exists and certificate leaf[field.1.2.840.113635.100.6.1.13] exists  and certificate leaf[subject.OU] = "XQ284ZEU8W" ))' '/var/folders/bn/zk0bz63n5td7qfyb7x6h1bq80000gn/T/XcodeDistPipeline.CMF/Root/Applications/FileSorter.app/Contents/Frameworks/libswiftFoundation.dylib'
2017-12-12 23:07:15 +0000  /var/folders/bn/zk0bz63n5td7qfyb7x6h1bq80000gn/T/XcodeDistPipeline.CMF/Root/Applications/FileSorter.app/Contents/Frameworks/libswiftFoundation.dylib: replacing existing signature
2017-12-12 23:07:15 +0000  /var/folders/bn/zk0bz63n5td7qfyb7x6h1bq80000gn/T/XcodeDistPipeline.CMF/Root/Applications/FileSorter.app/Contents/Frameworks/libswiftFoundation.dylib: signed Mach-O thin (x86_64) [com.apple.dt.runtime.swiftFoundation]
2017-12-12 23:07:15 +0000  /usr/bin/codesign exited with 0
2017-12-12 23:07:15 +0000  Applying entitlements delta for <IDEDistributionItem: 0x7f9bcda7b3b0 'com.apple.dt.runtime.swiftIOKit' '<DVTFilePath:0x7f9bcdc1e430:'/Users/koraybirand/Library/Developer/Xcode/Archives/2017-12-13/FileSorter 12-13-17, 2.06 AM.xcarchive/Products/Applications/FileSorter.app/Contents/Frameworks/libswiftIOKit.dylib'>'> from <IDEiCloudEntitlementsProcessor: 0x7f9bcceb57b0>: {
}
2017-12-12 23:07:15 +0000  Entitlements for <IDEDistributionItem: 0x7f9bcda7b3b0 'com.apple.dt.runtime.swiftIOKit' '<DVTFilePath:0x7f9bcdc1e430:'/Users/koraybirand/Library/Developer/Xcode/Archives/2017-12-13/FileSorter 12-13-17, 2.06 AM.xcarchive/Products/Applications/FileSorter.app/Contents/Frameworks/libswiftIOKit.dylib'>'>: {
}
2017-12-12 23:07:15 +0000  Writing entitlements for <IDEDistributionItem: 0x7f9bcda7b3b0 'com.apple.dt.runtime.swiftIOKit' '<DVTFilePath:0x7f9bcdc1e430:'/Users/koraybirand/Library/Developer/Xcode/Archives/2017-12-13/FileSorter 12-13-17, 2.06 AM.xcarchive/Products/Applications/FileSorter.app/Contents/Frameworks/libswiftIOKit.dylib'>'> to: /var/folders/bn/zk0bz63n5td7qfyb7x6h1bq80000gn/T/XcodeDistPipeline.CMF/entitlementsOoeDiL
2017-12-12 23:07:15 +0000  Running /usr/bin/codesign '-vvv' '--force' '--sign' 'AA2C7B0EC8F16EF9578D372210F0CCF2CB2D0B8A' '--preserve-metadata=identifier,flags' '--entitlements' '/var/folders/bn/zk0bz63n5td7qfyb7x6h1bq80000gn/T/XcodeDistPipeline.CMF/entitlementsOoeDiL' '--requirements' '=designated => anchor apple generic  and identifier "$self.identifier" and ((cert leaf[field.1.2.840.113635.100.6.1.9] exists) or ( certificate 1[field.1.2.840.113635.100.6.2.6] exists and certificate leaf[field.1.2.840.113635.100.6.1.13] exists  and certificate leaf[subject.OU] = "XQ284ZEU8W" ))' '/var/folders/bn/zk0bz63n5td7qfyb7x6h1bq80000gn/T/XcodeDistPipeline.CMF/Root/Applications/FileSorter.app/Contents/Frameworks/libswiftIOKit.dylib'
2017-12-12 23:07:15 +0000  /var/folders/bn/zk0bz63n5td7qfyb7x6h1bq80000gn/T/XcodeDistPipeline.CMF/Root/Applications/FileSorter.app/Contents/Frameworks/libswiftIOKit.dylib: replacing existing signature
2017-12-12 23:07:15 +0000  /var/folders/bn/zk0bz63n5td7qfyb7x6h1bq80000gn/T/XcodeDistPipeline.CMF/Root/Applications/FileSorter.app/Contents/Frameworks/libswiftIOKit.dylib: signed Mach-O thin (x86_64) [com.apple.dt.runtime.swiftIOKit]
2017-12-12 23:07:15 +0000  /usr/bin/codesign exited with 0
2017-12-12 23:07:15 +0000  Applying entitlements delta for <IDEDistributionItem: 0x7f9bea86a9a0 'com.apple.dt.runtime.swiftMetal' '<DVTFilePath:0x7f9bcdd83370:'/Users/koraybirand/Library/Developer/Xcode/Archives/2017-12-13/FileSorter 12-13-17, 2.06 AM.xcarchive/Products/Applications/FileSorter.app/Contents/Frameworks/libswiftMetal.dylib'>'> from <IDEiCloudEntitlementsProcessor: 0x7f9bcce734c0>: {
}
2017-12-12 23:07:15 +0000  Entitlements for <IDEDistributionItem: 0x7f9bea86a9a0 'com.apple.dt.runtime.swiftMetal' '<DVTFilePath:0x7f9bcdd83370:'/Users/koraybirand/Library/Developer/Xcode/Archives/2017-12-13/FileSorter 12-13-17, 2.06 AM.xcarchive/Products/Applications/FileSorter.app/Contents/Frameworks/libswiftMetal.dylib'>'>: {
}
2017-12-12 23:07:15 +0000  Writing entitlements for <IDEDistributionItem: 0x7f9bea86a9a0 'com.apple.dt.runtime.swiftMetal' '<DVTFilePath:0x7f9bcdd83370:'/Users/koraybirand/Library/Developer/Xcode/Archives/2017-12-13/FileSorter 12-13-17, 2.06 AM.xcarchive/Products/Applications/FileSorter.app/Contents/Frameworks/libswiftMetal.dylib'>'> to: /var/folders/bn/zk0bz63n5td7qfyb7x6h1bq80000gn/T/XcodeDistPipeline.CMF/entitlementsfVxL4V
2017-12-12 23:07:15 +0000  Running /usr/bin/codesign '-vvv' '--force' '--sign' 'AA2C7B0EC8F16EF9578D372210F0CCF2CB2D0B8A' '--preserve-metadata=identifier,flags' '--entitlements' '/var/folders/bn/zk0bz63n5td7qfyb7x6h1bq80000gn/T/XcodeDistPipeline.CMF/entitlementsfVxL4V' '--requirements' '=designated => anchor apple generic  and identifier "$self.identifier" and ((cert leaf[field.1.2.840.113635.100.6.1.9] exists) or ( certificate 1[field.1.2.840.113635.100.6.2.6] exists and certificate leaf[field.1.2.840.113635.100.6.1.13] exists  and certificate leaf[subject.OU] = "XQ284ZEU8W" ))' '/var/folders/bn/zk0bz63n5td7qfyb7x6h1bq80000gn/T/XcodeDistPipeline.CMF/Root/Applications/FileSorter.app/Contents/Frameworks/libswiftMetal.dylib'
2017-12-12 23:07:16 +0000  /var/folders/bn/zk0bz63n5td7qfyb7x6h1bq80000gn/T/XcodeDistPipeline.CMF/Root/Applications/FileSorter.app/Contents/Frameworks/libswiftMetal.dylib: replacing existing signature
2017-12-12 23:07:16 +0000  /var/folders/bn/zk0bz63n5td7qfyb7x6h1bq80000gn/T/XcodeDistPipeline.CMF/Root/Applications/FileSorter.app/Contents/Frameworks/libswiftMetal.dylib: signed Mach-O thin (x86_64) [com.apple.dt.runtime.swiftMetal]
2017-12-12 23:07:16 +0000  /usr/bin/codesign exited with 0
2017-12-12 23:07:16 +0000  Applying entitlements delta for <IDEDistributionItem: 0x7f9bcda7de40 'com.apple.dt.runtime.swiftObjectiveC' '<DVTFilePath:0x7f9bcd90f2e0:'/Users/koraybirand/Library/Developer/Xcode/Archives/2017-12-13/FileSorter 12-13-17, 2.06 AM.xcarchive/Products/Applications/FileSorter.app/Contents/Frameworks/libswiftObjectiveC.dylib'>'> from <IDEiCloudEntitlementsProcessor: 0x7f9bcecabf30>: {
}
2017-12-12 23:07:16 +0000  Entitlements for <IDEDistributionItem: 0x7f9bcda7de40 'com.apple.dt.runtime.swiftObjectiveC' '<DVTFilePath:0x7f9bcd90f2e0:'/Users/koraybirand/Library/Developer/Xcode/Archives/2017-12-13/FileSorter 12-13-17, 2.06 AM.xcarchive/Products/Applications/FileSorter.app/Contents/Frameworks/libswiftObjectiveC.dylib'>'>: {
}
2017-12-12 23:07:16 +0000  Writing entitlements for <IDEDistributionItem: 0x7f9bcda7de40 'com.apple.dt.runtime.swiftObjectiveC' '<DVTFilePath:0x7f9bcd90f2e0:'/Users/koraybirand/Library/Developer/Xcode/Archives/2017-12-13/FileSorter 12-13-17, 2.06 AM.xcarchive/Products/Applications/FileSorter.app/Contents/Frameworks/libswiftObjectiveC.dylib'>'> to: /var/folders/bn/zk0bz63n5td7qfyb7x6h1bq80000gn/T/XcodeDistPipeline.CMF/entitlementsNxH1fZ
2017-12-12 23:07:16 +0000  Running /usr/bin/codesign '-vvv' '--force' '--sign' 'AA2C7B0EC8F16EF9578D372210F0CCF2CB2D0B8A' '--preserve-metadata=identifier,flags' '--entitlements' '/var/folders/bn/zk0bz63n5td7qfyb7x6h1bq80000gn/T/XcodeDistPipeline.CMF/entitlementsNxH1fZ' '--requirements' '=designated => anchor apple generic  and identifier "$self.identifier" and ((cert leaf[field.1.2.840.113635.100.6.1.9] exists) or ( certificate 1[field.1.2.840.113635.100.6.2.6] exists and certificate leaf[field.1.2.840.113635.100.6.1.13] exists  and certificate leaf[subject.OU] = "XQ284ZEU8W" ))' '/var/folders/bn/zk0bz63n5td7qfyb7x6h1bq80000gn/T/XcodeDistPipeline.CMF/Root/Applications/FileSorter.app/Contents/Frameworks/libswiftObjectiveC.dylib'
2017-12-12 23:07:16 +0000  /var/folders/bn/zk0bz63n5td7qfyb7x6h1bq80000gn/T/XcodeDistPipeline.CMF/Root/Applications/FileSorter.app/Contents/Frameworks/libswiftObjectiveC.dylib: replacing existing signature
2017-12-12 23:07:16 +0000  /var/folders/bn/zk0bz63n5td7qfyb7x6h1bq80000gn/T/XcodeDistPipeline.CMF/Root/Applications/FileSorter.app/Contents/Frameworks/libswiftObjectiveC.dylib: signed Mach-O thin (x86_64) [com.apple.dt.runtime.swiftObjectiveC]
2017-12-12 23:07:16 +0000  /usr/bin/codesign exited with 0
2017-12-12 23:07:16 +0000  Applying entitlements delta for <IDEDistributionItem: 0x7f9bcf389af0 'com.apple.dt.runtime.swiftQuartzCore' '<DVTFilePath:0x7f9bcdab03e0:'/Users/koraybirand/Library/Developer/Xcode/Archives/2017-12-13/FileSorter 12-13-17, 2.06 AM.xcarchive/Products/Applications/FileSorter.app/Contents/Frameworks/libswiftQuartzCore.dylib'>'> from <IDEiCloudEntitlementsProcessor: 0x7f9be5b69960>: {
}
2017-12-12 23:07:16 +0000  Entitlements for <IDEDistributionItem: 0x7f9bcf389af0 'com.apple.dt.runtime.swiftQuartzCore' '<DVTFilePath:0x7f9bcdab03e0:'/Users/koraybirand/Library/Developer/Xcode/Archives/2017-12-13/FileSorter 12-13-17, 2.06 AM.xcarchive/Products/Applications/FileSorter.app/Contents/Frameworks/libswiftQuartzCore.dylib'>'>: {
}
2017-12-12 23:07:16 +0000  Writing entitlements for <IDEDistributionItem: 0x7f9bcf389af0 'com.apple.dt.runtime.swiftQuartzCore' '<DVTFilePath:0x7f9bcdab03e0:'/Users/koraybirand/Library/Developer/Xcode/Archives/2017-12-13/FileSorter 12-13-17, 2.06 AM.xcarchive/Products/Applications/FileSorter.app/Contents/Frameworks/libswiftQuartzCore.dylib'>'> to: /var/folders/bn/zk0bz63n5td7qfyb7x6h1bq80000gn/T/XcodeDistPipeline.CMF/entitlementszi4afe
2017-12-12 23:07:16 +0000  Running /usr/bin/codesign '-vvv' '--force' '--sign' 'AA2C7B0EC8F16EF9578D372210F0CCF2CB2D0B8A' '--preserve-metadata=identifier,flags' '--entitlements' '/var/folders/bn/zk0bz63n5td7qfyb7x6h1bq80000gn/T/XcodeDistPipeline.CMF/entitlementszi4afe' '--requirements' '=designated => anchor apple generic  and identifier "$self.identifier" and ((cert leaf[field.1.2.840.113635.100.6.1.9] exists) or ( certificate 1[field.1.2.840.113635.100.6.2.6] exists and certificate leaf[field.1.2.840.113635.100.6.1.13] exists  and certificate leaf[subject.OU] = "XQ284ZEU8W" ))' '/var/folders/bn/zk0bz63n5td7qfyb7x6h1bq80000gn/T/XcodeDistPipeline.CMF/Root/Applications/FileSorter.app/Contents/Frameworks/libswiftQuartzCore.dylib'
2017-12-12 23:07:17 +0000  /var/folders/bn/zk0bz63n5td7qfyb7x6h1bq80000gn/T/XcodeDistPipeline.CMF/Root/Applications/FileSorter.app/Contents/Frameworks/libswiftQuartzCore.dylib: replacing existing signature
2017-12-12 23:07:17 +0000  /var/folders/bn/zk0bz63n5td7qfyb7x6h1bq80000gn/T/XcodeDistPipeline.CMF/Root/Applications/FileSorter.app/Contents/Frameworks/libswiftQuartzCore.dylib: signed Mach-O thin (x86_64) [com.apple.dt.runtime.swiftQuartzCore]
2017-12-12 23:07:17 +0000  /usr/bin/codesign exited with 0
2017-12-12 23:07:17 +0000  Applying entitlements delta for <IDEDistributionItem: 0x7f9bcc74d270 'com.apple.dt.runtime.swiftXPC' '<DVTFilePath:0x7f9bdc0a2700:'/Users/koraybirand/Library/Developer/Xcode/Archives/2017-12-13/FileSorter 12-13-17, 2.06 AM.xcarchive/Products/Applications/FileSorter.app/Contents/Frameworks/libswiftXPC.dylib'>'> from <IDEiCloudEntitlementsProcessor: 0x7f9bcdf6d890>: {
}
2017-12-12 23:07:17 +0000  Entitlements for <IDEDistributionItem: 0x7f9bcc74d270 'com.apple.dt.runtime.swiftXPC' '<DVTFilePath:0x7f9bdc0a2700:'/Users/koraybirand/Library/Developer/Xcode/Archives/2017-12-13/FileSorter 12-13-17, 2.06 AM.xcarchive/Products/Applications/FileSorter.app/Contents/Frameworks/libswiftXPC.dylib'>'>: {
}
2017-12-12 23:07:17 +0000  Writing entitlements for <IDEDistributionItem: 0x7f9bcc74d270 'com.apple.dt.runtime.swiftXPC' '<DVTFilePath:0x7f9bdc0a2700:'/Users/koraybirand/Library/Developer/Xcode/Archives/2017-12-13/FileSorter 12-13-17, 2.06 AM.xcarchive/Products/Applications/FileSorter.app/Contents/Frameworks/libswiftXPC.dylib'>'> to: /var/folders/bn/zk0bz63n5td7qfyb7x6h1bq80000gn/T/XcodeDistPipeline.CMF/entitlements2Chta4
2017-12-12 23:07:17 +0000  Running /usr/bin/codesign '-vvv' '--force' '--sign' 'AA2C7B0EC8F16EF9578D372210F0CCF2CB2D0B8A' '--preserve-metadata=identifier,flags' '--entitlements' '/var/folders/bn/zk0bz63n5td7qfyb7x6h1bq80000gn/T/XcodeDistPipeline.CMF/entitlements2Chta4' '--requirements' '=designated => anchor apple generic  and identifier "$self.identifier" and ((cert leaf[field.1.2.840.113635.100.6.1.9] exists) or ( certificate 1[field.1.2.840.113635.100.6.2.6] exists and certificate leaf[field.1.2.840.113635.100.6.1.13] exists  and certificate leaf[subject.OU] = "XQ284ZEU8W" ))' '/var/folders/bn/zk0bz63n5td7qfyb7x6h1bq80000gn/T/XcodeDistPipeline.CMF/Root/Applications/FileSorter.app/Contents/Frameworks/libswiftXPC.dylib'
2017-12-12 23:07:17 +0000  /var/folders/bn/zk0bz63n5td7qfyb7x6h1bq80000gn/T/XcodeDistPipeline.CMF/Root/Applications/FileSorter.app/Contents/Frameworks/libswiftXPC.dylib: replacing existing signature
2017-12-12 23:07:17 +0000  /var/folders/bn/zk0bz63n5td7qfyb7x6h1bq80000gn/T/XcodeDistPipeline.CMF/Root/Applications/FileSorter.app/Contents/Frameworks/libswiftXPC.dylib: signed Mach-O thin (x86_64) [com.apple.dt.runtime.swiftXPC]
2017-12-12 23:07:17 +0000  /usr/bin/codesign exited with 0
2017-12-12 23:07:17 +0000  Applying entitlements delta for <IDEDistributionItem: 0x7f9bceb92590 'com.apple.dt.runtime.swiftos' '<DVTFilePath:0x7f9bcdd0cf80:'/Users/koraybirand/Library/Developer/Xcode/Archives/2017-12-13/FileSorter 12-13-17, 2.06 AM.xcarchive/Products/Applications/FileSorter.app/Contents/Frameworks/libswiftos.dylib'>'> from <IDEiCloudEntitlementsProcessor: 0x7f9bccec7ab0>: {
}
2017-12-12 23:07:17 +0000  Entitlements for <IDEDistributionItem: 0x7f9bceb92590 'com.apple.dt.runtime.swiftos' '<DVTFilePath:0x7f9bcdd0cf80:'/Users/koraybirand/Library/Developer/Xcode/Archives/2017-12-13/FileSorter 12-13-17, 2.06 AM.xcarchive/Products/Applications/FileSorter.app/Contents/Frameworks/libswiftos.dylib'>'>: {
}
2017-12-12 23:07:17 +0000  Writing entitlements for <IDEDistributionItem: 0x7f9bceb92590 'com.apple.dt.runtime.swiftos' '<DVTFilePath:0x7f9bcdd0cf80:'/Users/koraybirand/Library/Developer/Xcode/Archives/2017-12-13/FileSorter 12-13-17, 2.06 AM.xcarchive/Products/Applications/FileSorter.app/Contents/Frameworks/libswiftos.dylib'>'> to: /var/folders/bn/zk0bz63n5td7qfyb7x6h1bq80000gn/T/XcodeDistPipeline.CMF/entitlementsNjSE31
2017-12-12 23:07:17 +0000  Running /usr/bin/codesign '-vvv' '--force' '--sign' 'AA2C7B0EC8F16EF9578D372210F0CCF2CB2D0B8A' '--preserve-metadata=identifier,flags' '--entitlements' '/var/folders/bn/zk0bz63n5td7qfyb7x6h1bq80000gn/T/XcodeDistPipeline.CMF/entitlementsNjSE31' '--requirements' '=designated => anchor apple generic  and identifier "$self.identifier" and ((cert leaf[field.1.2.840.113635.100.6.1.9] exists) or ( certificate 1[field.1.2.840.113635.100.6.2.6] exists and certificate leaf[field.1.2.840.113635.100.6.1.13] exists  and certificate leaf[subject.OU] = "XQ284ZEU8W" ))' '/var/folders/bn/zk0bz63n5td7qfyb7x6h1bq80000gn/T/XcodeDistPipeline.CMF/Root/Applications/FileSorter.app/Contents/Frameworks/libswiftos.dylib'
2017-12-12 23:07:18 +0000  /var/folders/bn/zk0bz63n5td7qfyb7x6h1bq80000gn/T/XcodeDistPipeline.CMF/Root/Applications/FileSorter.app/Contents/Frameworks/libswiftos.dylib: replacing existing signature
2017-12-12 23:07:18 +0000  /var/folders/bn/zk0bz63n5td7qfyb7x6h1bq80000gn/T/XcodeDistPipeline.CMF/Root/Applications/FileSorter.app/Contents/Frameworks/libswiftos.dylib: signed Mach-O thin (x86_64) [com.apple.dt.runtime.swiftos]
2017-12-12 23:07:18 +0000  /usr/bin/codesign exited with 0
2017-12-12 23:07:18 +0000  Applying entitlements delta for <IDEDistributionItem: 0x7f9bcf6b1350 'com.koraybirand.FileSorter' '<DVTFilePath:0x7f9bcdf81c60:'/Users/koraybirand/Library/Developer/Xcode/Archives/2017-12-13/FileSorter 12-13-17, 2.06 AM.xcarchive/Products/Applications/FileSorter.app'>'> from <IDEiCloudEntitlementsProcessor: 0x7f9bcdfedd20>: {
}
2017-12-12 23:07:18 +0000  Entitlements for <IDEDistributionItem: 0x7f9bcf6b1350 'com.koraybirand.FileSorter' '<DVTFilePath:0x7f9bcdf81c60:'/Users/koraybirand/Library/Developer/Xcode/Archives/2017-12-13/FileSorter 12-13-17, 2.06 AM.xcarchive/Products/Applications/FileSorter.app'>'>: {
    "com.apple.security.app-sandbox" = 1;
    "com.apple.security.files.user-selected.read-write" = 1;
}
2017-12-12 23:07:18 +0000  Writing entitlements for <IDEDistributionItem: 0x7f9bcf6b1350 'com.koraybirand.FileSorter' '<DVTFilePath:0x7f9bcdf81c60:'/Users/koraybirand/Library/Developer/Xcode/Archives/2017-12-13/FileSorter 12-13-17, 2.06 AM.xcarchive/Products/Applications/FileSorter.app'>'> to: /var/folders/bn/zk0bz63n5td7qfyb7x6h1bq80000gn/T/XcodeDistPipeline.CMF/entitlements0d3VGG
2017-12-12 23:07:18 +0000  Running /usr/bin/codesign '-vvv' '--force' '--sign' 'AA2C7B0EC8F16EF9578D372210F0CCF2CB2D0B8A' '--preserve-metadata=identifier,flags' '--entitlements' '/var/folders/bn/zk0bz63n5td7qfyb7x6h1bq80000gn/T/XcodeDistPipeline.CMF/entitlements0d3VGG' '--requirements' '=designated => anchor apple generic  and identifier "$self.identifier" and ((cert leaf[field.1.2.840.113635.100.6.1.9] exists) or ( certificate 1[field.1.2.840.113635.100.6.2.6] exists and certificate leaf[field.1.2.840.113635.100.6.1.13] exists  and certificate leaf[subject.OU] = "XQ284ZEU8W" ))' '/var/folders/bn/zk0bz63n5td7qfyb7x6h1bq80000gn/T/XcodeDistPipeline.CMF/Root/Applications/FileSorter.app'
2017-12-12 23:07:18 +0000  /var/folders/bn/zk0bz63n5td7qfyb7x6h1bq80000gn/T/XcodeDistPipeline.CMF/Root/Applications/FileSorter.app: replacing existing signature
2017-12-12 23:07:18 +0000  /var/folders/bn/zk0bz63n5td7qfyb7x6h1bq80000gn/T/XcodeDistPipeline.CMF/Root/Applications/FileSorter.app: signed app bundle with Mach-O thin (x86_64) [com.koraybirand.FileSorter]
2017-12-12 23:07:18 +0000  /usr/bin/codesign exited with 0
2017-12-12 23:07:18 +0000  Processing step: IDEDistributionStreamingZipItemStep
2017-12-12 23:07:18 +0000  Skipping step: IDEDistributionStreamingZipItemStep because it said so
2017-12-12 23:07:18 +0000  Skipping step: IDEDistributionStreamingZipItemStep because it said so
2017-12-12 23:07:18 +0000  Skipping step: IDEDistributionStreamingZipItemStep because it said so
2017-12-12 23:07:18 +0000  Skipping step: IDEDistributionStreamingZipItemStep because it said so
2017-12-12 23:07:18 +0000  Skipping step: IDEDistributionStreamingZipItemStep because it said so
2017-12-12 23:07:18 +0000  Skipping step: IDEDistributionStreamingZipItemStep because it said so
2017-12-12 23:07:18 +0000  Skipping step: IDEDistributionStreamingZipItemStep because it said so
2017-12-12 23:07:18 +0000  Skipping step: IDEDistributionStreamingZipItemStep because it said so
2017-12-12 23:07:18 +0000  Skipping step: IDEDistributionStreamingZipItemStep because it said so
2017-12-12 23:07:18 +0000  Skipping step: IDEDistributionStreamingZipItemStep because it said so
2017-12-12 23:07:18 +0000  Skipping step: IDEDistributionStreamingZipItemStep because it said so
2017-12-12 23:07:18 +0000  Skipping step: IDEDistributionStreamingZipItemStep because it said so
2017-12-12 23:07:18 +0000  Skipping step: IDEDistributionStreamingZipItemStep because it said so
2017-12-12 23:07:18 +0000  Skipping step: IDEDistributionStreamingZipItemStep because it said so
2017-12-12 23:07:18 +0000  Skipping step: IDEDistributionStreamingZipItemStep because it said so
2017-12-12 23:07:18 +0000  Skipping step: IDEDistributionStreamingZipItemStep because it said so
2017-12-12 23:07:18 +0000  Processing step: IDEDistributionSkipPackagingStep
2017-12-12 23:07:18 +0000  Processing step: IDEDistributionCreateManifestStep
2017-12-12 23:07:18 +0000  Skipping step: IDEDistributionCreateManifestStep because it said so
